<?xml version="1.0" encoding="UTF-8"?>
<testng-results ignored="0" total="1" passed="1" failed="0" skipped="0">
  <reporter-output>
  </reporter-output>
  <suite started-at="2025-01-25T20:39:33 BDT" name="Surefire suite" finished-at="2025-01-25T20:39:58 BDT" duration-ms="24870">
    <groups>
      <group name="cucumber">
        <method signature="AbstractTestNGCucumberTests.runScenario(io.cucumber.testng.PickleWrapper,io.cucumber.testng.FeatureWrapper)[pri:0, instance:cucumberOptions.TestRunnerFile@1139b2f3]" name="runScenario" class="io.cucumber.testng.AbstractTestNGCucumberTests"/>
      </group> <!-- cucumber -->
    </groups>
    <test started-at="2025-01-25T20:39:33 BDT" name="Surefire test" finished-at="2025-01-25T20:39:58 BDT" duration-ms="24870">
      <class name="cucumberOptions.TestRunnerFile">
        <test-method is-config="true" signature="setUpClass(org.testng.ITestContext)[pri:0, instance:cucumberOptions.TestRunnerFile@1139b2f3]" started-at="2025-01-25T20:39:33 BDT" name="setUpClass" finished-at="2025-01-25T20:39:36 BDT" duration-ms="3107" status="PASS">
          <params>
            <param index="0">
              <value>
                <![CDATA[org.testng.TestRunner@67403656]]>
              </value>
            </param>
          </params>
          <reporter-output>
          </reporter-output>
        </test-method> <!-- setUpClass -->
        <test-method signature="runScenario(io.cucumber.testng.PickleWrapper,io.cucumber.testng.FeatureWrapper)[pri:0, instance:cucumberOptions.TestRunnerFile@1139b2f3]" started-at="2025-01-25T20:39:36 BDT" name="runScenario" description="Runs Cucumber Scenarios" data-provider="scenarios" finished-at="2025-01-25T20:39:57 BDT" duration-ms="20132" status="PASS">
          <params>
            <param index="0">
              <value>
                <![CDATA["Search experiance for products for both the home and offer page"]]>
              </value>
            </param>
            <param index="1">
              <value>
                <![CDATA["Place the order for the products"]]>
              </value>
            </param>
          </params>
          <reporter-output>
          </reporter-output>
        </test-method> <!-- runScenario -->
        <test-method is-config="true" signature="tearDownClass()[pri:0, instance:cucumberOptions.TestRunnerFile@1139b2f3]" started-at="2025-01-25T20:39:57 BDT" name="tearDownClass" finished-at="2025-01-25T20:39:58 BDT" duration-ms="1441" status="PASS">
          <reporter-output>
          </reporter-output>
        </test-method> <!-- tearDownClass -->
      </class> <!-- cucumberOptions.TestRunnerFile -->
    </test> <!-- Surefire test -->
  </suite> <!-- Surefire suite -->
</testng-results>
