<?xml version="1.0" encoding="UTF-8"?>
<!-- Generated by org.testng.reporters.JUnitReportReporter -->
<testsuite hostname="DESKTOP-VEPRPOI" failures="1" tests="3" name="cucumberOptions.TestRunnerFile" time="125.294" errors="0" timestamp="2025-01-23T14:01:39 GMT+06:00" skipped="0">
  <testcase classname="cucumberOptions.TestRunnerFile" name="runScenario" time="41.539"/>
  <testcase classname="cucumberOptions.TestRunnerFile" name="runScenario" time="41.617"/>
  <testcase classname="cucumberOptions.TestRunnerFile" name="runScenario" time="42.138">
    <failure message="expected [Beetroot] but found [No data]" type="java.lang.AssertionError">
      <![CDATA[java.lang.AssertionError: expected [Beetroot] but found [No data]
at org.testng.Assert.fail(Assert.java:111)
at org.testng.Assert.failNotEquals(Assert.java:1578)
at org.testng.Assert.assertEqualsImpl(Assert.java:150)
at org.testng.Assert.assertEquals(Assert.java:132)
at org.testng.Assert.assertEquals(Assert.java:656)
at org.testng.Assert.assertEquals(Assert.java:666)
at stepDefination.OfferPageSD.validate_if_the_product_matches(OfferPageSD.java:38)
at ✽.validate if the product matches(file:///E:/eclipsssk/CucumberFramework/src/test/java/features/searchProduct.feature:9)
]]>
    </failure>
  </testcase> <!-- runScenario -->
</testsuite> <!-- cucumberOptions.TestRunnerFile -->
